2018-06-04 12:09:52 Error: [PDOException] SQLSTATE[HY000] [2002] No such file or directory in /Users/mbp15retina/develop/php/tsunagu/vendor/cakephp/cakephp/src/Database/Driver.php on line 93
Stack Trace:
#0 /Users/mbp15retina/develop/php/tsunagu/vendor/cakephp/cakephp/src/Database/Driver.php(93): PDO->__construct('mysql:host=loca...', 'my_app', 'secret', Array)
#1 /Users/mbp15retina/develop/php/tsunagu/vendor/cakephp/cakephp/src/Database/Driver/Mysql.php(106): Cake\Database\Driver->_connect('mysql:host=loca...', Array)
#2 /Users/mbp15retina/develop/php/tsunagu/vendor/cakephp/cakephp/src/Database/Schema/BaseSchema.php(45): Cake\Database\Driver\Mysql->connect()
#3 /Users/mbp15retina/develop/php/tsunagu/vendor/cakephp/cakephp/src/Database/Dialect/MysqlDialectTrait.php(63): Cake\Database\Schema\BaseSchema->__construct(Object(Cake\Database\Driver\Mysql))
#4 /Users/mbp15retina/develop/php/tsunagu/vendor/cakephp/cakephp/src/Database/Schema/Collection.php(52): Cake\Database\Driver\Mysql->schemaDialect()
#5 /Users/mbp15retina/develop/php/tsunagu/vendor/cakephp/cakephp/src/Database/Schema/CachedCollection.php(42): Cake\Database\Schema\Collection->__construct(Object(Cake\Database\Connection))
#6 /Users/mbp15retina/develop/php/tsunagu/vendor/cakephp/cakephp/src/Database/Connection.php(391): Cake\Database\Schema\CachedCollection->__construct(Object(Cake\Database\Connection), true)
#7 /Users/mbp15retina/develop/php/tsunagu/vendor/cakephp/bake/src/Shell/Task/ModelTask.php(1034): Cake\Database\Connection->getSchemaCollection()
#8 /Users/mbp15retina/develop/php/tsunagu/vendor/cakephp/bake/src/Shell/Task/ModelTask.php(988): Bake\Shell\Task\ModelTask->_getAllTables()
#9 /Users/mbp15retina/develop/php/tsunagu/vendor/cakephp/bake/src/Shell/Task/ModelTask.php(212): Bake\Shell\Task\ModelTask->listAll()
#10 /Users/mbp15retina/develop/php/tsunagu/vendor/cakephp/bake/src/Shell/Task/ModelTask.php(130): Bake\Shell\Task\ModelTask->getAssociations(Object(Cake\ORM\Table))
#11 /Users/mbp15retina/develop/php/tsunagu/vendor/cakephp/bake/src/Shell/Task/ModelTask.php(113): Bake\Shell\Task\ModelTask->getTableContext(Object(Cake\ORM\Table), 'users', 'Users')
#12 /Users/mbp15retina/develop/php/tsunagu/vendor/cakephp/bake/src/Shell/Task/ModelTask.php(100): Bake\Shell\Task\ModelTask->bake('Users')
#13 /Users/mbp15retina/develop/php/tsunagu/vendor/cakephp/bake/src/Shell/BakeShell.php(272): Bake\Shell\Task\ModelTask->main('Users')
#14 /Users/mbp15retina/develop/php/tsunagu/vendor/cakephp/cakephp/src/Collection/CollectionTrait.php(51): Bake\Shell\BakeShell->Bake\Shell\{closure}('users', 0)
#15 /Users/mbp15retina/develop/php/tsunagu/vendor/cakephp/bake/src/Shell/BakeShell.php(273): Cake\Collection\Collection->each(Object(Closure))
#16 /Users/mbp15retina/develop/php/tsunagu/vendor/cakephp/cakephp/src/Console/Shell.php(518): Bake\Shell\BakeShell->all('users')
#17 /Users/mbp15retina/develop/php/tsunagu/vendor/cakephp/cakephp/src/Console/CommandRunner.php(342): Cake\Console\Shell->runCommand(Array, true)
#18 /Users/mbp15retina/develop/php/tsunagu/vendor/cakephp/cakephp/src/Console/CommandRunner.php(164): Cake\Console\CommandRunner->runShell(Object(Bake\Shell\BakeShell), Array)
#19 /Users/mbp15retina/develop/php/tsunagu/bin/cake.php(12): Cake\Console\CommandRunner->run(Array)
#20 {main}


2018-06-04 12:10:44 Error: [PDOException] SQLSTATE[HY000] [2002] No such file or directory in /Users/mbp15retina/develop/php/tsunagu/vendor/cakephp/cakephp/src/Database/Driver.php on line 93
Stack Trace:
#0 /Users/mbp15retina/develop/php/tsunagu/vendor/cakephp/cakephp/src/Database/Driver.php(93): PDO->__construct('mysql:host=loca...', 'tsunagu', 'v4Q5Z3kj ', Array)
#1 /Users/mbp15retina/develop/php/tsunagu/vendor/cakephp/cakephp/src/Database/Driver/Mysql.php(106): Cake\Database\Driver->_connect('mysql:host=loca...', Array)
#2 /Users/mbp15retina/develop/php/tsunagu/vendor/cakephp/cakephp/src/Database/Schema/BaseSchema.php(45): Cake\Database\Driver\Mysql->connect()
#3 /Users/mbp15retina/develop/php/tsunagu/vendor/cakephp/cakephp/src/Database/Dialect/MysqlDialectTrait.php(63): Cake\Database\Schema\BaseSchema->__construct(Object(Cake\Database\Driver\Mysql))
#4 /Users/mbp15retina/develop/php/tsunagu/vendor/cakephp/cakephp/src/Database/Schema/Collection.php(52): Cake\Database\Driver\Mysql->schemaDialect()
#5 /Users/mbp15retina/develop/php/tsunagu/vendor/cakephp/cakephp/src/Database/Schema/CachedCollection.php(42): Cake\Database\Schema\Collection->__construct(Object(Cake\Database\Connection))
#6 /Users/mbp15retina/develop/php/tsunagu/vendor/cakephp/cakephp/src/Database/Connection.php(391): Cake\Database\Schema\CachedCollection->__construct(Object(Cake\Database\Connection), true)
#7 /Users/mbp15retina/develop/php/tsunagu/vendor/cakephp/bake/src/Shell/Task/ModelTask.php(1034): Cake\Database\Connection->getSchemaCollection()
#8 /Users/mbp15retina/develop/php/tsunagu/vendor/cakephp/bake/src/Shell/Task/ModelTask.php(988): Bake\Shell\Task\ModelTask->_getAllTables()
#9 /Users/mbp15retina/develop/php/tsunagu/vendor/cakephp/bake/src/Shell/Task/ModelTask.php(212): Bake\Shell\Task\ModelTask->listAll()
#10 /Users/mbp15retina/develop/php/tsunagu/vendor/cakephp/bake/src/Shell/Task/ModelTask.php(130): Bake\Shell\Task\ModelTask->getAssociations(Object(Cake\ORM\Table))
#11 /Users/mbp15retina/develop/php/tsunagu/vendor/cakephp/bake/src/Shell/Task/ModelTask.php(113): Bake\Shell\Task\ModelTask->getTableContext(Object(Cake\ORM\Table), 'users', 'Users')
#12 /Users/mbp15retina/develop/php/tsunagu/vendor/cakephp/bake/src/Shell/Task/ModelTask.php(100): Bake\Shell\Task\ModelTask->bake('Users')
#13 /Users/mbp15retina/develop/php/tsunagu/vendor/cakephp/bake/src/Shell/BakeShell.php(272): Bake\Shell\Task\ModelTask->main('Users')
#14 /Users/mbp15retina/develop/php/tsunagu/vendor/cakephp/cakephp/src/Collection/CollectionTrait.php(51): Bake\Shell\BakeShell->Bake\Shell\{closure}('users', 0)
#15 /Users/mbp15retina/develop/php/tsunagu/vendor/cakephp/bake/src/Shell/BakeShell.php(273): Cake\Collection\Collection->each(Object(Closure))
#16 /Users/mbp15retina/develop/php/tsunagu/vendor/cakephp/cakephp/src/Console/Shell.php(518): Bake\Shell\BakeShell->all('users')
#17 /Users/mbp15retina/develop/php/tsunagu/vendor/cakephp/cakephp/src/Console/CommandRunner.php(342): Cake\Console\Shell->runCommand(Array, true)
#18 /Users/mbp15retina/develop/php/tsunagu/vendor/cakephp/cakephp/src/Console/CommandRunner.php(164): Cake\Console\CommandRunner->runShell(Object(Bake\Shell\BakeShell), Array)
#19 /Users/mbp15retina/develop/php/tsunagu/bin/cake.php(12): Cake\Console\CommandRunner->run(Array)
#20 {main}


2018-06-04 12:10:57 Error: [PDOException] SQLSTATE[HY000] [2002] No such file or directory in /Users/mbp15retina/develop/php/tsunagu/vendor/cakephp/cakephp/src/Database/Driver.php on line 93
Stack Trace:
#0 /Users/mbp15retina/develop/php/tsunagu/vendor/cakephp/cakephp/src/Database/Driver.php(93): PDO->__construct('mysql:host=loca...', 'tsunagu', 'v4Q5Z3kj ', Array)
#1 /Users/mbp15retina/develop/php/tsunagu/vendor/cakephp/cakephp/src/Database/Driver/Mysql.php(106): Cake\Database\Driver->_connect('mysql:host=loca...', Array)
#2 /Users/mbp15retina/develop/php/tsunagu/vendor/cakephp/cakephp/src/Database/Schema/BaseSchema.php(45): Cake\Database\Driver\Mysql->connect()
#3 /Users/mbp15retina/develop/php/tsunagu/vendor/cakephp/cakephp/src/Database/Dialect/MysqlDialectTrait.php(63): Cake\Database\Schema\BaseSchema->__construct(Object(Cake\Database\Driver\Mysql))
#4 /Users/mbp15retina/develop/php/tsunagu/vendor/cakephp/cakephp/src/Database/Schema/Collection.php(52): Cake\Database\Driver\Mysql->schemaDialect()
#5 /Users/mbp15retina/develop/php/tsunagu/vendor/cakephp/cakephp/src/Database/Schema/CachedCollection.php(42): Cake\Database\Schema\Collection->__construct(Object(Cake\Database\Connection))
#6 /Users/mbp15retina/develop/php/tsunagu/vendor/cakephp/cakephp/src/Database/Connection.php(391): Cake\Database\Schema\CachedCollection->__construct(Object(Cake\Database\Connection), true)
#7 /Users/mbp15retina/develop/php/tsunagu/vendor/cakephp/bake/src/Shell/Task/ModelTask.php(1034): Cake\Database\Connection->getSchemaCollection()
#8 /Users/mbp15retina/develop/php/tsunagu/vendor/cakephp/bake/src/Shell/Task/ModelTask.php(988): Bake\Shell\Task\ModelTask->_getAllTables()
#9 /Users/mbp15retina/develop/php/tsunagu/vendor/cakephp/bake/src/Shell/Task/ModelTask.php(212): Bake\Shell\Task\ModelTask->listAll()
#10 /Users/mbp15retina/develop/php/tsunagu/vendor/cakephp/bake/src/Shell/Task/ModelTask.php(130): Bake\Shell\Task\ModelTask->getAssociations(Object(Cake\ORM\Table))
#11 /Users/mbp15retina/develop/php/tsunagu/vendor/cakephp/bake/src/Shell/Task/ModelTask.php(113): Bake\Shell\Task\ModelTask->getTableContext(Object(Cake\ORM\Table), 'users', 'Users')
#12 /Users/mbp15retina/develop/php/tsunagu/vendor/cakephp/bake/src/Shell/Task/ModelTask.php(100): Bake\Shell\Task\ModelTask->bake('Users')
#13 /Users/mbp15retina/develop/php/tsunagu/vendor/cakephp/bake/src/Shell/BakeShell.php(272): Bake\Shell\Task\ModelTask->main('Users')
#14 /Users/mbp15retina/develop/php/tsunagu/vendor/cakephp/cakephp/src/Collection/CollectionTrait.php(51): Bake\Shell\BakeShell->Bake\Shell\{closure}('users', 0)
#15 /Users/mbp15retina/develop/php/tsunagu/vendor/cakephp/bake/src/Shell/BakeShell.php(273): Cake\Collection\Collection->each(Object(Closure))
#16 /Users/mbp15retina/develop/php/tsunagu/vendor/cakephp/cakephp/src/Console/Shell.php(518): Bake\Shell\BakeShell->all('users')
#17 /Users/mbp15retina/develop/php/tsunagu/vendor/cakephp/cakephp/src/Console/CommandRunner.php(342): Cake\Console\Shell->runCommand(Array, true)
#18 /Users/mbp15retina/develop/php/tsunagu/vendor/cakephp/cakephp/src/Console/CommandRunner.php(164): Cake\Console\CommandRunner->runShell(Object(Bake\Shell\BakeShell), Array)
#19 /Users/mbp15retina/develop/php/tsunagu/bin/cake.php(12): Cake\Console\CommandRunner->run(Array)
#20 {main}


2018-06-04 12:23:50 Error: [Cake\Database\Exception] SQLSTATE[42S02]: Base table or view not found: 1146 Table 'tsunagu_db.top' doesn't exist in /Users/mbp15retina/develop/php/tsunagu/vendor/cakephp/cakephp/src/Database/Schema/Collection.php on line 131
Stack Trace:
#0 /Users/mbp15retina/develop/php/tsunagu/vendor/cakephp/cakephp/src/Database/Schema/Collection.php(97): Cake\Database\Schema\Collection->_reflect('Column', 'top', Array, Object(Cake\Database\Schema\TableSchema))
#1 /Users/mbp15retina/develop/php/tsunagu/vendor/cakephp/cakephp/src/Database/Schema/CachedCollection.php(63): Cake\Database\Schema\Collection->describe('top', Array)
#2 /Users/mbp15retina/develop/php/tsunagu/vendor/cakephp/cakephp/src/ORM/Table.php(548): Cake\Database\Schema\CachedCollection->describe('top')
#3 /Users/mbp15retina/develop/php/tsunagu/vendor/cakephp/cakephp/src/ORM/Table.php(673): Cake\ORM\Table->getSchema()
#4 /Users/mbp15retina/develop/php/tsunagu/vendor/cakephp/bake/src/Shell/Task/TemplateTask.php(288): Cake\ORM\Table->getPrimaryKey()
#5 /Users/mbp15retina/develop/php/tsunagu/vendor/cakephp/bake/src/Shell/Task/TemplateTask.php(142): Bake\Shell\Task\TemplateTask->_loadController()
#6 /Users/mbp15retina/develop/php/tsunagu/vendor/cakephp/cakephp/src/Console/Shell.php(532): Bake\Shell\Task\TemplateTask->main('top')
#7 /Users/mbp15retina/develop/php/tsunagu/vendor/cakephp/cakephp/src/Console/Shell.php(525): Cake\Console\Shell->runCommand(Array, false, Array)
#8 /Users/mbp15retina/develop/php/tsunagu/vendor/cakephp/cakephp/src/Console/CommandRunner.php(342): Cake\Console\Shell->runCommand(Array, true)
#9 /Users/mbp15retina/develop/php/tsunagu/vendor/cakephp/cakephp/src/Console/CommandRunner.php(164): Cake\Console\CommandRunner->runShell(Object(Bake\Shell\BakeShell), Array)
#10 /Users/mbp15retina/develop/php/tsunagu/bin/cake.php(12): Cake\Console\CommandRunner->run(Array)
#11 {main}


2018-06-04 12:25:16 Error: [Cake\Database\Exception] SQLSTATE[42S02]: Base table or view not found: 1146 Table 'tsunagu_db.tops' doesn't exist in /Users/mbp15retina/develop/php/tsunagu/vendor/cakephp/cakephp/src/Database/Schema/Collection.php on line 131
Stack Trace:
#0 /Users/mbp15retina/develop/php/tsunagu/vendor/cakephp/cakephp/src/Database/Schema/Collection.php(97): Cake\Database\Schema\Collection->_reflect('Column', 'tops', Array, Object(Cake\Database\Schema\TableSchema))
#1 /Users/mbp15retina/develop/php/tsunagu/vendor/cakephp/cakephp/src/Database/Schema/CachedCollection.php(63): Cake\Database\Schema\Collection->describe('tops', Array)
#2 /Users/mbp15retina/develop/php/tsunagu/vendor/cakephp/cakephp/src/ORM/Table.php(548): Cake\Database\Schema\CachedCollection->describe('tops')
#3 /Users/mbp15retina/develop/php/tsunagu/vendor/cakephp/cakephp/src/ORM/Table.php(673): Cake\ORM\Table->getSchema()
#4 /Users/mbp15retina/develop/php/tsunagu/vendor/cakephp/bake/src/Shell/Task/TemplateTask.php(288): Cake\ORM\Table->getPrimaryKey()
#5 /Users/mbp15retina/develop/php/tsunagu/vendor/cakephp/bake/src/Shell/Task/TemplateTask.php(142): Bake\Shell\Task\TemplateTask->_loadController()
#6 /Users/mbp15retina/develop/php/tsunagu/vendor/cakephp/cakephp/src/Console/Shell.php(532): Bake\Shell\Task\TemplateTask->main('tops')
#7 /Users/mbp15retina/develop/php/tsunagu/vendor/cakephp/cakephp/src/Console/Shell.php(525): Cake\Console\Shell->runCommand(Array, false, Array)
#8 /Users/mbp15retina/develop/php/tsunagu/vendor/cakephp/cakephp/src/Console/CommandRunner.php(342): Cake\Console\Shell->runCommand(Array, true)
#9 /Users/mbp15retina/develop/php/tsunagu/vendor/cakephp/cakephp/src/Console/CommandRunner.php(164): Cake\Console\CommandRunner->runShell(Object(Bake\Shell\BakeShell), Array)
#10 /Users/mbp15retina/develop/php/tsunagu/bin/cake.php(12): Cake\Console\CommandRunner->run(Array)
#11 {main}


